* using log directory 'C:/Users/user/Desktop/VM-Zeug/sem2/R/exam/BatchFermentationAnalyser.Rcheck'
* using R version 3.5.1 (2018-07-02)
* using platform: x86_64-w64-mingw32 (64-bit)
* using session charset: ISO8859-1
* using options '--no-manual --as-cran'
* checking for file 'BatchFermentationAnalyser/DESCRIPTION' ... OK
* checking extension type ... Package
* this is package 'BatchFermentationAnalyser' version '0.1.0'
* package encoding: UTF-8
* checking package namespace information ... OK
* checking package dependencies ... OK
* checking if this is a source package ... OK
* checking if there is a namespace ... OK
* checking for executable files ... OK
* checking for hidden files and directories ... OK
* checking for portable file names ... OK
* checking serialization versions ... OK
* checking whether package 'BatchFermentationAnalyser' can be installed ... OK
* checking installed package size ... OK
* checking package directory ... OK
* checking DESCRIPTION meta-information ... OK
* checking top-level files ... OK
* checking for left-over files ... OK
* checking index information ... OK
* checking package subdirectories ... OK
* checking R files for non-ASCII characters ... OK
* checking R files for syntax errors ... OK
* checking whether the package can be loaded ... OK
* checking whether the package can be loaded with stated dependencies ... OK
* checking whether the package can be unloaded cleanly ... OK
* checking whether the namespace can be loaded with stated dependencies ... OK
* checking whether the namespace can be unloaded cleanly ... OK
* checking loading without being on the library search path ... OK
* checking dependencies in R code ... OK
* checking S3 generic/method consistency ... OK
* checking replacement functions ... OK
* checking foreign function calls ... OK
* checking R code for possible problems ... NOTE
getTestSd: no visible binding for global variable 'sd'
only_plot_fermdata: no visible global function definition for 'plot'
only_plot_fermdata: no visible global function definition for 'lines'
only_plot_fermdata: no visible global function definition for 'legend'
only_plot_fermdata: no visible global function definition for 'arrows'
plot_fermdata: no visible global function definition for 'png'
plot_fermdata: no visible global function definition for 'dev.off'
plot_fermdata: no visible global function definition for 'jpeg'
readBatchDatasets: no visible global function definition for
  'read.table'
readCompoundData: no visible global function definition for
  'read.table'
removeOutliers: no visible global function definition for 'quantile'
removeOutliers: no visible global function definition for 'IQR'
saveCarbonBalance: no visible global function definition for
  'write.table'
Undefined global functions or variables:
  IQR arrows dev.off jpeg legend lines plot png quantile read.table sd
  write.table
Consider adding
  importFrom("grDevices", "dev.off", "jpeg", "png")
  importFrom("graphics", "arrows", "legend", "lines", "plot")
  importFrom("stats", "IQR", "quantile", "sd")
  importFrom("utils", "read.table", "write.table")
to your NAMESPACE file.
* checking Rd files ... OK
* checking Rd metadata ... OK
* checking Rd line widths ... NOTE
Rd file 'plot_fermdata.Rd':
  \examples lines wider than 100 characters:
     plot_fermdata(a_wo_outlier, cumulate="co2", type = "png", filename = paste(output_dir, "a.png", sep = ""), width = 1200,height = 800)

These lines will be truncated in the PDF manual.
* checking Rd cross-references ... OK
* checking for missing documentation entries ... WARNING
Undocumented code objects:
  'a' 'a_cd' 'a_d' 'a_wo_outlier'
Undocumented data sets:
  'a' 'a_cd' 'a_d' 'a_wo_outlier'
All user-level objects in a package should have documentation entries.
See chapter 'Writing R documentation files' in the 'Writing R
Extensions' manual.
* checking for code/documentation mismatches ... OK
* checking Rd \usage sections ... WARNING
Undocumented arguments in documentation object 'readCompoundData'
  'x'
Documented arguments not in \usage in documentation object 'readCompoundData':
  'a'

Functions with \usage entries need to have the appropriate \alias
entries, and all their arguments documented.
The \usage entries must correspond to syntactically valid R code.
See chapter 'Writing R documentation files' in the 'Writing R
Extensions' manual.
* checking Rd contents ... WARNING
Argument items with no description in Rd object 'getBatchMeans':
  'na.rm'

Argument items with no description in Rd object 'getBatchSd':
  'na.rm'

Argument items with no description in Rd object 'getTestMeans':
  'na.rm'

Argument items with no description in Rd object 'getTestSd':
  'na.rm'

Argument items with no description in Rd object 'only_plot_fermdata':
  'cex'

Argument items with no description in Rd object 'removeOutliers':
  'na.rm'

* checking for unstated dependencies in examples ... OK
* checking contents of 'data' directory ... OK
* checking data for non-ASCII characters ... OK
* checking data for ASCII and uncompressed saves ... OK
* checking examples ... ERROR
Running examples in 'BatchFermentationAnalyser-Ex.R' failed
The error most likely occurred in:

> base::assign(".ptime", proc.time(), pos = "CheckExEnv")
> ### Name: plot_fermdata
> ### Title: plot_fermdata
> ### Aliases: plot_fermdata
> 
> ### ** Examples
> 
> plot_fermdata(a_wo_outlier, cumulate="co2", type = "png", filename = paste(output_dir, "a.png", sep = ""), width = 1200,height = 800)
Warning in arrows((as.numeric(rownames(x_means))), gHigh[, i], (as.numeric(rownames(x_means))),  :
  zero-length arrow is of indeterminate angle and so skipped
Warning in arrows((as.numeric(rownames(x_means))), gHigh[, i], (as.numeric(rownames(x_means))),  :
  zero-length arrow is of indeterminate angle and so skipped
Warning in arrows((as.numeric(rownames(x_means))), gHigh[, i], (as.numeric(rownames(x_means))),  :
  zero-length arrow is of indeterminate angle and so skipped
Warning in arrows((as.numeric(rownames(x_means))), gHigh[, i], (as.numeric(rownames(x_means))),  :
  zero-length arrow is of indeterminate angle and so skipped
Warning in arrows((as.numeric(rownames(x_means))), gHigh[, i], (as.numeric(rownames(x_means))),  :
  zero-length arrow is of indeterminate angle and so skipped
Warning in arrows((as.numeric(rownames(x_means))), gHigh[, i], (as.numeric(rownames(x_means))),  :
  zero-length arrow is of indeterminate angle and so skipped
Warning in arrows((as.numeric(rownames(x_means))), gHigh[, i], (as.numeric(rownames(x_means))),  :
  zero-length arrow is of indeterminate angle and so skipped
Warning in arrows((as.numeric(rownames(x_means))), gHigh[, i], (as.numeric(rownames(x_means))),  :
  zero-length arrow is of indeterminate angle and so skipped
Warning in arrows((as.numeric(rownames(x_means))), gHigh[, i], (as.numeric(rownames(x_means))),  :
  zero-length arrow is of indeterminate angle and so skipped
Warning in arrows((as.numeric(rownames(x_means))), gHigh[, i], (as.numeric(rownames(x_means))),  :
  zero-length arrow is of indeterminate angle and so skipped
Warning in arrows((as.numeric(rownames(x_means))), gHigh[, i], (as.numeric(rownames(x_means))),  :
  zero-length arrow is of indeterminate angle and so skipped
Warning in arrows((as.numeric(rownames(x_means))), gHigh[, i], (as.numeric(rownames(x_means))),  :
  zero-length arrow is of indeterminate angle and so skipped
Warning in arrows((as.numeric(rownames(x_means))), gHigh[, i], (as.numeric(rownames(x_means))),  :
  zero-length arrow is of indeterminate angle and so skipped
Warning in arrows((as.numeric(rownames(x_means))), gHigh[, i], (as.numeric(rownames(x_means))),  :
  zero-length arrow is of indeterminate angle and so skipped
Warning in arrows((as.numeric(rownames(x_means))), gHigh[, i], (as.numeric(rownames(x_means))),  :
  zero-length arrow is of indeterminate angle and so skipped
Warning in arrows((as.numeric(rownames(x_means))), gHigh[, i], (as.numeric(rownames(x_means))),  :
  zero-length arrow is of indeterminate angle and so skipped
Warning in arrows((as.numeric(rownames(x_means))), gHigh[, i], (as.numeric(rownames(x_means))),  :
  zero-length arrow is of indeterminate angle and so skipped
Warning in arrows((as.numeric(rownames(x_means))), gHigh[, i], (as.numeric(rownames(x_means))),  :
  zero-length arrow is of indeterminate angle and so skipped
Error in paste(output_dir, "a.png", sep = "") : 
  object 'output_dir' not found
Calls: plot_fermdata -> png -> checkIntFormat -> gsub -> paste
Execution halted
* DONE
Status: 1 ERROR, 3 WARNINGs, 2 NOTEs
